<?xml version="1.0" encoding="UTF-8"?>
<testng-results ignored="0" total="2" passed="2" failed="0" skipped="0">
  <reporter-output>
  </reporter-output>
  <suite started-at="2021-12-31T17:17:55Z" name="Android Mobile Demo Suite" finished-at="2021-12-31T17:18:23Z" duration-ms="28939">
    <groups>
    </groups>
    <test started-at="2021-12-31T17:17:55Z" name="Simple execution tests Android" finished-at="2021-12-31T17:18:23Z" duration-ms="28939">
      <class name="tests.BasicTest">
        <test-method is-config="true" signature="setUp()[pri:0, instance:tests.BasicTest@4ae3c1cd]" started-at="2021-12-31T17:17:55Z" name="setUp" finished-at="2021-12-31T17:18:02Z" duration-ms="7209" status="PASS">
          <reporter-output>
          </reporter-output>
        </test-method> <!-- setUp -->
        <test-method signature="loginTestValidProblem()[pri:0, instance:tests.BasicTest@4ae3c1cd]" started-at="2021-12-31T17:18:02Z" name="loginTestValidProblem" finished-at="2021-12-31T17:18:09Z" duration-ms="6748" status="PASS">
          <reporter-output>
          </reporter-output>
        </test-method> <!-- loginTestValidProblem -->
        <test-method is-config="true" signature="tearDown()[pri:0, instance:tests.BasicTest@4ae3c1cd]" started-at="2021-12-31T17:18:09Z" name="tearDown" finished-at="2021-12-31T17:18:09Z" duration-ms="461" status="PASS">
          <reporter-output>
          </reporter-output>
        </test-method> <!-- tearDown -->
        <test-method is-config="true" signature="setUp()[pri:0, instance:tests.BasicTest@4ae3c1cd]" started-at="2021-12-31T17:18:09Z" name="setUp" finished-at="2021-12-31T17:18:16Z" duration-ms="6556" status="PASS">
          <reporter-output>
          </reporter-output>
        </test-method> <!-- setUp -->
        <test-method signature="loginToSwagLabsTestValid()[pri:0, instance:tests.BasicTest@4ae3c1cd]" started-at="2021-12-31T17:18:16Z" name="loginToSwagLabsTestValid" finished-at="2021-12-31T17:18:23Z" duration-ms="7378" status="PASS">
          <reporter-output>
          </reporter-output>
        </test-method> <!-- loginToSwagLabsTestValid -->
        <test-method is-config="true" signature="tearDown()[pri:0, instance:tests.BasicTest@4ae3c1cd]" started-at="2021-12-31T17:18:23Z" name="tearDown" finished-at="2021-12-31T17:18:23Z" duration-ms="567" status="PASS">
          <reporter-output>
          </reporter-output>
        </test-method> <!-- tearDown -->
      </class> <!-- tests.BasicTest -->
    </test> <!-- Simple execution tests Android -->
  </suite> <!-- Android Mobile Demo Suite -->
</testng-results>
